<?xml version="1.0" encoding="UTF-8"?>
<dmz>
   <archive-version version="0"/>
   <archive>
      <object type="game" uuid="73482562-b36f-45f1-9e1c-87a02269622a">
         <attributes name="name">
            <text value="Game"/>
         </attributes>
         <attributes name="Active">
            <flag value="true"/>
         </attributes>
         <attributes name="game_start_time">
            <timestamp value="1299803480.325000"/>
         </attributes>
         <attributes name="game_group">
            <links>
               <object name="8af99306-0bcb-4a30-86b1-1667ffc9cb4a"/>
            </links>
         </attributes>
         <attributes name="game_forums">
            <links>
               <object name="5063eb37-89d3-4a50-a798-f17326fd1253"/>
            </links>
         </attributes>
      </object>
      <object type="group" uuid="8af99306-0bcb-4a30-86b1-1667ffc9cb4a">
         <attributes name="name">
            <text value="Group 1"/>
         </attributes>
         <attributes name="group_members">
            <links>
               <object name="3a513eec-9b96-426d-8bcf-0a6640daa74f"/>
            </links>
         </attributes>
         <attributes name="group_forum_link">
            <links>
               <object name="5063eb37-89d3-4a50-a798-f17326fd1253"/>
            </links>
         </attributes>
      </object>
      <object type="user" uuid="3a513eec-9b96-426d-8bcf-0a6640daa74f">
         <attributes name="name">
            <text value="chds"/>
         </attributes>
         <attributes name="display_name">
            <text value="CHDS"/>
         </attributes>
         <attributes name="Object_Human_In_The_Loop">
            <flag value="true"/>
         </attributes>
      </object>
      <object type="forum" uuid="5063eb37-89d3-4a50-a798-f17326fd1253">
         <attributes name="name">
            <text value="Forum 1"/>
         </attributes>
      </object>
   </archive>
</dmz>
