<?xml version="1.0" encoding="UTF-8"?>
<dmz>
   <archive-version version="0"/>
   <archive>
      <object type="game" uuid="73482562-b36f-45f1-9e1c-87a02269622a">
         <attributes name="name">
            <text value="Game"/>
         </attributes>
      </object>
      <object type="user" uuid="2f9a76c7-0548-46e3-a9af-4b68f8ec3330">
         <attributes name="name">
            <text value="shillcock@me.com"/>
         </attributes>
         <attributes name="display_name">
            <text value="Scott"/>
         </attributes>
      </object>
      <object type="user" uuid="a1050f04-2385-4e5b-acbb-bf839119115e">
         <attributes name="name">
            <text value="sangster@me.com"/>
         </attributes>
         <attributes name="display_name">
            <text value="Ben"/>
         </attributes>
      </object>
   </archive>
</dmz>
